<?xml version="1.0" encoding="UTF-8"?>
<robot generator="Robot 6.1.1 (Python 3.12.0 on win32)" generated="20240424 14:37:34.221" rpa="false" schemaversion="4">
<suite id="s1" name="Menu Agent" source="c:\Users\Sprint User\Documents\dev-konnekrevamp\Test_Suite_KonnekRevamp\menu_agent.robot">
<test id="s1-t1" name="TC_Edit Service Level" line="12">
<kw name="Open browser Staging" library="steps">
<kw name="Set Selenium Speed" library="SeleniumLibrary">
<arg>0.2</arg>
<doc>Sets the delay that is waited after each Selenium command.</doc>
<status status="PASS" starttime="20240424 14:37:35.508" endtime="20240424 14:37:35.508"/>
</kw>
<kw name="Open Browser" library="SeleniumLibrary">
<arg>about:blank</arg>
<arg>browser=chrome</arg>
<doc>Opens a new browser instance to the optional ``url``.</doc>
<msg timestamp="20240424 14:37:35.513" level="INFO">Opening browser 'chrome' to base url 'about:blank'.</msg>
<status status="PASS" starttime="20240424 14:37:35.508" endtime="20240424 14:37:50.805"/>
</kw>
<kw name="Maximize Browser Window" library="SeleniumLibrary">
<doc>Maximizes current browser window.</doc>
<status status="PASS" starttime="20240424 14:37:50.806" endtime="20240424 14:37:51.038"/>
</kw>
<kw name="Go To" library="SeleniumLibrary">
<arg>${url_konnek_revamp}</arg>
<doc>Navigates the current browser window to the provided ``url``.</doc>
<msg timestamp="20240424 14:37:51.038" level="INFO">Opening url 'https://stgrvm.wekonnek.id/auth/signin'</msg>
<status status="PASS" starttime="20240424 14:37:51.038" endtime="20240424 14:38:16.987"/>
</kw>
<kw name="Run Keyword And Return Status" library="BuiltIn">
<var>${Reload}</var>
<arg>Page Should Contain Element</arg>
<arg>xpath=/html//div[@id='root']/div/div/div[@class='col']//section[@class='ant-layout']//div[@class='col-4']/div//form[@class='ant-form ant-form-horizontal']//button[@type='primary']</arg>
<doc>Runs the given keyword with given arguments and returns the status as a Boolean value.</doc>
<kw name="Page Should Contain Element" library="SeleniumLibrary">
<arg>xpath=/html//div[@id='root']/div/div/div[@class='col']//section[@class='ant-layout']//div[@class='col-4']/div//form[@class='ant-form ant-form-horizontal']//button[@type='primary']</arg>
<doc>Verifies that element ``locator`` is found on the current page.</doc>
<msg timestamp="20240424 14:38:18.156" level="INFO" html="true">&lt;/td&gt;&lt;/tr&gt;&lt;tr&gt;&lt;td colspan="3"&gt;&lt;a href="selenium-screenshot-1350.png"&gt;&lt;img src="selenium-screenshot-1350.png" width="800px"&gt;&lt;/a&gt;</msg>
<msg timestamp="20240424 14:38:18.157" level="FAIL">Page should have contained element 'xpath=/html//div[@id='root']/div/div/div[@class='col']//section[@class='ant-layout']//div[@class='col-4']/div//form[@class='ant-form ant-form-horizontal']//button[@type='primary']' but did not.</msg>
<status status="FAIL" starttime="20240424 14:38:16.991" endtime="20240424 14:38:18.181"/>
</kw>
<msg timestamp="20240424 14:38:18.181" level="INFO">${Reload} = False</msg>
<status status="PASS" starttime="20240424 14:38:16.990" endtime="20240424 14:38:18.181"/>
</kw>
<while condition="${Reload} != ${TRUE}">
<iter>
<kw name="Run Keyword And Return Status" library="BuiltIn">
<var>${Reload}</var>
<arg>Page Should Contain Element</arg>
<arg>xpath=/html//div[@id='root']/div/div/div[@class='col']//section[@class='ant-layout']//div[@class='col-4']/div//form[@class='ant-form ant-form-horizontal']//button[@type='primary']</arg>
<doc>Runs the given keyword with given arguments and returns the status as a Boolean value.</doc>
<kw name="Page Should Contain Element" library="SeleniumLibrary">
<arg>xpath=/html//div[@id='root']/div/div/div[@class='col']//section[@class='ant-layout']//div[@class='col-4']/div//form[@class='ant-form ant-form-horizontal']//button[@type='primary']</arg>
<doc>Verifies that element ``locator`` is found on the current page.</doc>
<msg timestamp="20240424 14:38:19.572" level="INFO" html="true">&lt;/td&gt;&lt;/tr&gt;&lt;tr&gt;&lt;td colspan="3"&gt;&lt;a href="selenium-screenshot-1351.png"&gt;&lt;img src="selenium-screenshot-1351.png" width="800px"&gt;&lt;/a&gt;</msg>
<msg timestamp="20240424 14:38:19.572" level="FAIL">Page should have contained element 'xpath=/html//div[@id='root']/div/div/div[@class='col']//section[@class='ant-layout']//div[@class='col-4']/div//form[@class='ant-form ant-form-horizontal']//button[@type='primary']' but did not.</msg>
<status status="FAIL" starttime="20240424 14:38:18.186" endtime="20240424 14:38:19.572"/>
</kw>
<msg timestamp="20240424 14:38:19.574" level="INFO">${Reload} = False</msg>
<status status="PASS" starttime="20240424 14:38:18.186" endtime="20240424 14:38:19.574"/>
</kw>
<status status="PASS" starttime="20240424 14:38:18.181" endtime="20240424 14:38:19.574"/>
</iter>
<iter>
<kw name="Run Keyword And Return Status" library="BuiltIn">
<var>${Reload}</var>
<arg>Page Should Contain Element</arg>
<arg>xpath=/html//div[@id='root']/div/div/div[@class='col']//section[@class='ant-layout']//div[@class='col-4']/div//form[@class='ant-form ant-form-horizontal']//button[@type='primary']</arg>
<doc>Runs the given keyword with given arguments and returns the status as a Boolean value.</doc>
<kw name="Page Should Contain Element" library="SeleniumLibrary">
<arg>xpath=/html//div[@id='root']/div/div/div[@class='col']//section[@class='ant-layout']//div[@class='col-4']/div//form[@class='ant-form ant-form-horizontal']//button[@type='primary']</arg>
<doc>Verifies that element ``locator`` is found on the current page.</doc>
<msg timestamp="20240424 14:38:20.729" level="INFO" html="true">&lt;/td&gt;&lt;/tr&gt;&lt;tr&gt;&lt;td colspan="3"&gt;&lt;a href="selenium-screenshot-1352.png"&gt;&lt;img src="selenium-screenshot-1352.png" width="800px"&gt;&lt;/a&gt;</msg>
<msg timestamp="20240424 14:38:20.729" level="FAIL">Page should have contained element 'xpath=/html//div[@id='root']/div/div/div[@class='col']//section[@class='ant-layout']//div[@class='col-4']/div//form[@class='ant-form ant-form-horizontal']//button[@type='primary']' but did not.</msg>
<status status="FAIL" starttime="20240424 14:38:19.574" endtime="20240424 14:38:20.733"/>
</kw>
<msg timestamp="20240424 14:38:20.735" level="INFO">${Reload} = False</msg>
<status status="PASS" starttime="20240424 14:38:19.574" endtime="20240424 14:38:20.735"/>
</kw>
<status status="PASS" starttime="20240424 14:38:19.574" endtime="20240424 14:38:20.735"/>
</iter>
<iter>
<kw name="Run Keyword And Return Status" library="BuiltIn">
<var>${Reload}</var>
<arg>Page Should Contain Element</arg>
<arg>xpath=/html//div[@id='root']/div/div/div[@class='col']//section[@class='ant-layout']//div[@class='col-4']/div//form[@class='ant-form ant-form-horizontal']//button[@type='primary']</arg>
<doc>Runs the given keyword with given arguments and returns the status as a Boolean value.</doc>
<kw name="Page Should Contain Element" library="SeleniumLibrary">
<arg>xpath=/html//div[@id='root']/div/div/div[@class='col']//section[@class='ant-layout']//div[@class='col-4']/div//form[@class='ant-form ant-form-horizontal']//button[@type='primary']</arg>
<doc>Verifies that element ``locator`` is found on the current page.</doc>
<msg timestamp="20240424 14:38:21.771" level="INFO" html="true">&lt;/td&gt;&lt;/tr&gt;&lt;tr&gt;&lt;td colspan="3"&gt;&lt;a href="selenium-screenshot-1353.png"&gt;&lt;img src="selenium-screenshot-1353.png" width="800px"&gt;&lt;/a&gt;</msg>
<msg timestamp="20240424 14:38:21.771" level="FAIL">Page should have contained element 'xpath=/html//div[@id='root']/div/div/div[@class='col']//section[@class='ant-layout']//div[@class='col-4']/div//form[@class='ant-form ant-form-horizontal']//button[@type='primary']' but did not.</msg>
<status status="FAIL" starttime="20240424 14:38:20.738" endtime="20240424 14:38:21.773"/>
</kw>
<msg timestamp="20240424 14:38:21.774" level="INFO">${Reload} = False</msg>
<status status="PASS" starttime="20240424 14:38:20.735" endtime="20240424 14:38:21.774"/>
</kw>
<status status="PASS" starttime="20240424 14:38:20.735" endtime="20240424 14:38:21.774"/>
</iter>
<iter>
<kw name="Run Keyword And Return Status" library="BuiltIn">
<var>${Reload}</var>
<arg>Page Should Contain Element</arg>
<arg>xpath=/html//div[@id='root']/div/div/div[@class='col']//section[@class='ant-layout']//div[@class='col-4']/div//form[@class='ant-form ant-form-horizontal']//button[@type='primary']</arg>
<doc>Runs the given keyword with given arguments and returns the status as a Boolean value.</doc>
<kw name="Page Should Contain Element" library="SeleniumLibrary">
<arg>xpath=/html//div[@id='root']/div/div/div[@class='col']//section[@class='ant-layout']//div[@class='col-4']/div//form[@class='ant-form ant-form-horizontal']//button[@type='primary']</arg>
<doc>Verifies that element ``locator`` is found on the current page.</doc>
<msg timestamp="20240424 14:38:22.014" level="INFO">Current page contains element 'xpath=/html//div[@id='root']/div/div/div[@class='col']//section[@class='ant-layout']//div[@class='col-4']/div//form[@class='ant-form ant-form-horizontal']//button[@type='primary']'.</msg>
<status status="PASS" starttime="20240424 14:38:21.775" endtime="20240424 14:38:22.015"/>
</kw>
<msg timestamp="20240424 14:38:22.015" level="INFO">${Reload} = True</msg>
<status status="PASS" starttime="20240424 14:38:21.775" endtime="20240424 14:38:22.015"/>
</kw>
<status status="PASS" starttime="20240424 14:38:21.775" endtime="20240424 14:38:22.015"/>
</iter>
<status status="PASS" starttime="20240424 14:38:18.181" endtime="20240424 14:38:22.015"/>
</while>
<kw name="Capture Page Screenshot" library="SeleniumLibrary">
<doc>Takes a screenshot of the current page and embeds it into a log file.</doc>
<msg timestamp="20240424 14:38:22.487" level="INFO" html="true">&lt;/td&gt;&lt;/tr&gt;&lt;tr&gt;&lt;td colspan="3"&gt;&lt;a href="selenium-screenshot-1354.png"&gt;&lt;img src="selenium-screenshot-1354.png" width="800px"&gt;&lt;/a&gt;</msg>
<status status="PASS" starttime="20240424 14:38:22.015" endtime="20240424 14:38:22.487"/>
</kw>
<kw name="Page Should Contain" library="SeleniumLibrary">
<arg>Konnek by Sprint Asia Technology</arg>
<doc>Verifies that current page contains ``text``.</doc>
<msg timestamp="20240424 14:38:22.947" level="INFO">Current page contains text 'Konnek by Sprint Asia Technology'.</msg>
<status status="PASS" starttime="20240424 14:38:22.487" endtime="20240424 14:38:22.947"/>
</kw>
<kw name="Capture Page Screenshot" library="SeleniumLibrary">
<doc>Takes a screenshot of the current page and embeds it into a log file.</doc>
<msg timestamp="20240424 14:38:23.473" level="INFO" html="true">&lt;/td&gt;&lt;/tr&gt;&lt;tr&gt;&lt;td colspan="3"&gt;&lt;a href="selenium-screenshot-1355.png"&gt;&lt;img src="selenium-screenshot-1355.png" width="800px"&gt;&lt;/a&gt;</msg>
<status status="PASS" starttime="20240424 14:38:22.947" endtime="20240424 14:38:23.473"/>
</kw>
<status status="PASS" starttime="20240424 14:37:35.508" endtime="20240424 14:38:23.474"/>
</kw>
<kw name="Input Company ID, Email, Password" library="steps">
<kw name="Input Text" library="SeleniumLibrary">
<arg>xpath=/html//input[@id='companyId']</arg>
<arg>companystg</arg>
<doc>Types the given ``text`` into the text field identified by ``locator``.</doc>
<msg timestamp="20240424 14:38:23.477" level="INFO">Typing text 'companystg' into text field 'xpath=/html//input[@id='companyId']'.</msg>
<status status="PASS" starttime="20240424 14:38:23.474" endtime="20240424 14:38:24.376"/>
</kw>
<kw name="Input Text" library="SeleniumLibrary">
<arg>xpath=/html//input[@id='username']</arg>
<arg>adminrabil_stg@harakirimail.com</arg>
<doc>Types the given ``text`` into the text field identified by ``locator``.</doc>
<msg timestamp="20240424 14:38:24.377" level="INFO">Typing text 'adminrabil_stg@harakirimail.com' into text field 'xpath=/html//input[@id='username']'.</msg>
<status status="PASS" starttime="20240424 14:38:24.377" endtime="20240424 14:38:25.451"/>
</kw>
<kw name="Input Password" library="SeleniumLibrary">
<arg>xpath=/html//input[@id='password']</arg>
<arg>@Muhammad123</arg>
<doc>Types the given password into the text field identified by ``locator``.</doc>
<msg timestamp="20240424 14:38:25.452" level="INFO">Typing password into text field 'xpath=/html//input[@id='password']'.</msg>
<msg timestamp="20240424 14:38:25.910" level="INFO">Temporally setting log level to: NONE</msg>
<msg timestamp="20240424 14:38:26.312" level="INFO">Log level changed from NONE to INFO.</msg>
<status status="PASS" starttime="20240424 14:38:25.452" endtime="20240424 14:38:26.312"/>
</kw>
<kw name="Capture Page Screenshot" library="SeleniumLibrary">
<doc>Takes a screenshot of the current page and embeds it into a log file.</doc>
<msg timestamp="20240424 14:38:26.940" level="INFO" html="true">&lt;/td&gt;&lt;/tr&gt;&lt;tr&gt;&lt;td colspan="3"&gt;&lt;a href="selenium-screenshot-1356.png"&gt;&lt;img src="selenium-screenshot-1356.png" width="800px"&gt;&lt;/a&gt;</msg>
<status status="PASS" starttime="20240424 14:38:26.313" endtime="20240424 14:38:26.941"/>
</kw>
<status status="PASS" starttime="20240424 14:38:23.474" endtime="20240424 14:38:26.941"/>
</kw>
<kw name="Klik Button Login" library="steps">
<kw name="Click Element" library="SeleniumLibrary">
<arg>xpath=/html//div[@id='root']/div/div/div[@class='col']//section[@class='ant-layout']//div[@class='col-4']/div//form[@class='ant-form ant-form-horizontal']//button[@type='primary']</arg>
<doc>Click the element identified by ``locator``.</doc>
<msg timestamp="20240424 14:38:26.945" level="INFO">Clicking element 'xpath=/html//div[@id='root']/div/div/div[@class='col']//section[@class='ant-layout']//div[@class='col-4']/div//form[@class='ant-form ant-form-horizontal']//button[@type='primary']'.</msg>
<status status="PASS" starttime="20240424 14:38:26.941" endtime="20240424 14:38:27.490"/>
</kw>
<kw name="Run Keyword And Return Status" library="BuiltIn">
<var>${Reload}</var>
<arg>Page Should Contain Element</arg>
<arg>xpath=/html//div[@id='yield']/section[@class='ant-layout']/section/main[@class='ant-layout-content site-layout-background']/div//div[@role='tablist']/div[1]/a[@role='tab']</arg>
<doc>Runs the given keyword with given arguments and returns the status as a Boolean value.</doc>
<kw name="Page Should Contain Element" library="SeleniumLibrary">
<arg>xpath=/html//div[@id='yield']/section[@class='ant-layout']/section/main[@class='ant-layout-content site-layout-background']/div//div[@role='tablist']/div[1]/a[@role='tab']</arg>
<doc>Verifies that element ``locator`` is found on the current page.</doc>
<msg timestamp="20240424 14:38:28.895" level="INFO" html="true">&lt;/td&gt;&lt;/tr&gt;&lt;tr&gt;&lt;td colspan="3"&gt;&lt;a href="selenium-screenshot-1357.png"&gt;&lt;img src="selenium-screenshot-1357.png" width="800px"&gt;&lt;/a&gt;</msg>
<msg timestamp="20240424 14:38:28.895" level="FAIL">Page should have contained element 'xpath=/html//div[@id='yield']/section[@class='ant-layout']/section/main[@class='ant-layout-content site-layout-background']/div//div[@role='tablist']/div[1]/a[@role='tab']' but did not.</msg>
<status status="FAIL" starttime="20240424 14:38:27.490" endtime="20240424 14:38:28.897"/>
</kw>
<msg timestamp="20240424 14:38:28.897" level="INFO">${Reload} = False</msg>
<status status="PASS" starttime="20240424 14:38:27.490" endtime="20240424 14:38:28.897"/>
</kw>
<while condition="${Reload} != ${TRUE}">
<iter>
<kw name="Run Keyword And Return Status" library="BuiltIn">
<var>${Reload}</var>
<arg>Page Should Contain Element</arg>
<arg>xpath=/html//div[@id='yield']/section[@class='ant-layout']/section/main[@class='ant-layout-content site-layout-background']/div//div[@role='tablist']/div[1]/a[@role='tab']</arg>
<doc>Runs the given keyword with given arguments and returns the status as a Boolean value.</doc>
<kw name="Page Should Contain Element" library="SeleniumLibrary">
<arg>xpath=/html//div[@id='yield']/section[@class='ant-layout']/section/main[@class='ant-layout-content site-layout-background']/div//div[@role='tablist']/div[1]/a[@role='tab']</arg>
<doc>Verifies that element ``locator`` is found on the current page.</doc>
<msg timestamp="20240424 14:38:30.625" level="INFO" html="true">&lt;/td&gt;&lt;/tr&gt;&lt;tr&gt;&lt;td colspan="3"&gt;&lt;a href="selenium-screenshot-1358.png"&gt;&lt;img src="selenium-screenshot-1358.png" width="800px"&gt;&lt;/a&gt;</msg>
<msg timestamp="20240424 14:38:30.625" level="FAIL">Page should have contained element 'xpath=/html//div[@id='yield']/section[@class='ant-layout']/section/main[@class='ant-layout-content site-layout-background']/div//div[@role='tablist']/div[1]/a[@role='tab']' but did not.</msg>
<status status="FAIL" starttime="20240424 14:38:28.902" endtime="20240424 14:38:30.625"/>
</kw>
<msg timestamp="20240424 14:38:30.625" level="INFO">${Reload} = False</msg>
<status status="PASS" starttime="20240424 14:38:28.901" endtime="20240424 14:38:30.630"/>
</kw>
<status status="PASS" starttime="20240424 14:38:28.897" endtime="20240424 14:38:30.630"/>
</iter>
<iter>
<kw name="Run Keyword And Return Status" library="BuiltIn">
<var>${Reload}</var>
<arg>Page Should Contain Element</arg>
<arg>xpath=/html//div[@id='yield']/section[@class='ant-layout']/section/main[@class='ant-layout-content site-layout-background']/div//div[@role='tablist']/div[1]/a[@role='tab']</arg>
<doc>Runs the given keyword with given arguments and returns the status as a Boolean value.</doc>
<kw name="Page Should Contain Element" library="SeleniumLibrary">
<arg>xpath=/html//div[@id='yield']/section[@class='ant-layout']/section/main[@class='ant-layout-content site-layout-background']/div//div[@role='tablist']/div[1]/a[@role='tab']</arg>
<doc>Verifies that element ``locator`` is found on the current page.</doc>
<msg timestamp="20240424 14:38:31.843" level="INFO" html="true">&lt;/td&gt;&lt;/tr&gt;&lt;tr&gt;&lt;td colspan="3"&gt;&lt;a href="selenium-screenshot-1359.png"&gt;&lt;img src="selenium-screenshot-1359.png" width="800px"&gt;&lt;/a&gt;</msg>
<msg timestamp="20240424 14:38:31.843" level="FAIL">Page should have contained element 'xpath=/html//div[@id='yield']/section[@class='ant-layout']/section/main[@class='ant-layout-content site-layout-background']/div//div[@role='tablist']/div[1]/a[@role='tab']' but did not.</msg>
<status status="FAIL" starttime="20240424 14:38:30.632" endtime="20240424 14:38:31.848"/>
</kw>
<msg timestamp="20240424 14:38:31.848" level="INFO">${Reload} = False</msg>
<status status="PASS" starttime="20240424 14:38:30.630" endtime="20240424 14:38:31.848"/>
</kw>
<status status="PASS" starttime="20240424 14:38:30.630" endtime="20240424 14:38:31.848"/>
</iter>
<iter>
<kw name="Run Keyword And Return Status" library="BuiltIn">
<var>${Reload}</var>
<arg>Page Should Contain Element</arg>
<arg>xpath=/html//div[@id='yield']/section[@class='ant-layout']/section/main[@class='ant-layout-content site-layout-background']/div//div[@role='tablist']/div[1]/a[@role='tab']</arg>
<doc>Runs the given keyword with given arguments and returns the status as a Boolean value.</doc>
<kw name="Page Should Contain Element" library="SeleniumLibrary">
<arg>xpath=/html//div[@id='yield']/section[@class='ant-layout']/section/main[@class='ant-layout-content site-layout-background']/div//div[@role='tablist']/div[1]/a[@role='tab']</arg>
<doc>Verifies that element ``locator`` is found on the current page.</doc>
<msg timestamp="20240424 14:38:33.098" level="INFO" html="true">&lt;/td&gt;&lt;/tr&gt;&lt;tr&gt;&lt;td colspan="3"&gt;&lt;a href="selenium-screenshot-1360.png"&gt;&lt;img src="selenium-screenshot-1360.png" width="800px"&gt;&lt;/a&gt;</msg>
<msg timestamp="20240424 14:38:33.098" level="FAIL">Page should have contained element 'xpath=/html//div[@id='yield']/section[@class='ant-layout']/section/main[@class='ant-layout-content site-layout-background']/div//div[@role='tablist']/div[1]/a[@role='tab']' but did not.</msg>
<status status="FAIL" starttime="20240424 14:38:31.853" endtime="20240424 14:38:33.101"/>
</kw>
<msg timestamp="20240424 14:38:33.103" level="INFO">${Reload} = False</msg>
<status status="PASS" starttime="20240424 14:38:31.848" endtime="20240424 14:38:33.103"/>
</kw>
<status status="PASS" starttime="20240424 14:38:31.848" endtime="20240424 14:38:33.103"/>
</iter>
<iter>
<kw name="Run Keyword And Return Status" library="BuiltIn">
<var>${Reload}</var>
<arg>Page Should Contain Element</arg>
<arg>xpath=/html//div[@id='yield']/section[@class='ant-layout']/section/main[@class='ant-layout-content site-layout-background']/div//div[@role='tablist']/div[1]/a[@role='tab']</arg>
<doc>Runs the given keyword with given arguments and returns the status as a Boolean value.</doc>
<kw name="Page Should Contain Element" library="SeleniumLibrary">
<arg>xpath=/html//div[@id='yield']/section[@class='ant-layout']/section/main[@class='ant-layout-content site-layout-background']/div//div[@role='tablist']/div[1]/a[@role='tab']</arg>
<doc>Verifies that element ``locator`` is found on the current page.</doc>
<msg timestamp="20240424 14:38:34.728" level="INFO" html="true">&lt;/td&gt;&lt;/tr&gt;&lt;tr&gt;&lt;td colspan="3"&gt;&lt;a href="selenium-screenshot-1361.png"&gt;&lt;img src="selenium-screenshot-1361.png" width="800px"&gt;&lt;/a&gt;</msg>
<msg timestamp="20240424 14:38:34.728" level="FAIL">Page should have contained element 'xpath=/html//div[@id='yield']/section[@class='ant-layout']/section/main[@class='ant-layout-content site-layout-background']/div//div[@role='tablist']/div[1]/a[@role='tab']' but did not.</msg>
<status status="FAIL" starttime="20240424 14:38:33.106" endtime="20240424 14:38:34.732"/>
</kw>
<msg timestamp="20240424 14:38:34.732" level="INFO">${Reload} = False</msg>
<status status="PASS" starttime="20240424 14:38:33.103" endtime="20240424 14:38:34.732"/>
</kw>
<status status="PASS" starttime="20240424 14:38:33.103" endtime="20240424 14:38:34.732"/>
</iter>
<iter>
<kw name="Run Keyword And Return Status" library="BuiltIn">
<var>${Reload}</var>
<arg>Page Should Contain Element</arg>
<arg>xpath=/html//div[@id='yield']/section[@class='ant-layout']/section/main[@class='ant-layout-content site-layout-background']/div//div[@role='tablist']/div[1]/a[@role='tab']</arg>
<doc>Runs the given keyword with given arguments and returns the status as a Boolean value.</doc>
<kw name="Page Should Contain Element" library="SeleniumLibrary">
<arg>xpath=/html//div[@id='yield']/section[@class='ant-layout']/section/main[@class='ant-layout-content site-layout-background']/div//div[@role='tablist']/div[1]/a[@role='tab']</arg>
<doc>Verifies that element ``locator`` is found on the current page.</doc>
<msg timestamp="20240424 14:38:36.004" level="INFO" html="true">&lt;/td&gt;&lt;/tr&gt;&lt;tr&gt;&lt;td colspan="3"&gt;&lt;a href="selenium-screenshot-1362.png"&gt;&lt;img src="selenium-screenshot-1362.png" width="800px"&gt;&lt;/a&gt;</msg>
<msg timestamp="20240424 14:38:36.004" level="FAIL">Page should have contained element 'xpath=/html//div[@id='yield']/section[@class='ant-layout']/section/main[@class='ant-layout-content site-layout-background']/div//div[@role='tablist']/div[1]/a[@role='tab']' but did not.</msg>
<status status="FAIL" starttime="20240424 14:38:34.739" endtime="20240424 14:38:36.008"/>
</kw>
<msg timestamp="20240424 14:38:36.008" level="INFO">${Reload} = False</msg>
<status status="PASS" starttime="20240424 14:38:34.737" endtime="20240424 14:38:36.008"/>
</kw>
<status status="PASS" starttime="20240424 14:38:34.732" endtime="20240424 14:38:36.008"/>
</iter>
<iter>
<kw name="Run Keyword And Return Status" library="BuiltIn">
<var>${Reload}</var>
<arg>Page Should Contain Element</arg>
<arg>xpath=/html//div[@id='yield']/section[@class='ant-layout']/section/main[@class='ant-layout-content site-layout-background']/div//div[@role='tablist']/div[1]/a[@role='tab']</arg>
<doc>Runs the given keyword with given arguments and returns the status as a Boolean value.</doc>
<kw name="Page Should Contain Element" library="SeleniumLibrary">
<arg>xpath=/html//div[@id='yield']/section[@class='ant-layout']/section/main[@class='ant-layout-content site-layout-background']/div//div[@role='tablist']/div[1]/a[@role='tab']</arg>
<doc>Verifies that element ``locator`` is found on the current page.</doc>
<msg timestamp="20240424 14:38:37.553" level="INFO" html="true">&lt;/td&gt;&lt;/tr&gt;&lt;tr&gt;&lt;td colspan="3"&gt;&lt;a href="selenium-screenshot-1363.png"&gt;&lt;img src="selenium-screenshot-1363.png" width="800px"&gt;&lt;/a&gt;</msg>
<msg timestamp="20240424 14:38:37.553" level="FAIL">Page should have contained element 'xpath=/html//div[@id='yield']/section[@class='ant-layout']/section/main[@class='ant-layout-content site-layout-background']/div//div[@role='tablist']/div[1]/a[@role='tab']' but did not.</msg>
<status status="FAIL" starttime="20240424 14:38:36.013" endtime="20240424 14:38:37.557"/>
</kw>
<msg timestamp="20240424 14:38:37.557" level="INFO">${Reload} = False</msg>
<status status="PASS" starttime="20240424 14:38:36.013" endtime="20240424 14:38:37.557"/>
</kw>
<status status="PASS" starttime="20240424 14:38:36.008" endtime="20240424 14:38:37.557"/>
</iter>
<iter>
<kw name="Run Keyword And Return Status" library="BuiltIn">
<var>${Reload}</var>
<arg>Page Should Contain Element</arg>
<arg>xpath=/html//div[@id='yield']/section[@class='ant-layout']/section/main[@class='ant-layout-content site-layout-background']/div//div[@role='tablist']/div[1]/a[@role='tab']</arg>
<doc>Runs the given keyword with given arguments and returns the status as a Boolean value.</doc>
<kw name="Page Should Contain Element" library="SeleniumLibrary">
<arg>xpath=/html//div[@id='yield']/section[@class='ant-layout']/section/main[@class='ant-layout-content site-layout-background']/div//div[@role='tablist']/div[1]/a[@role='tab']</arg>
<doc>Verifies that element ``locator`` is found on the current page.</doc>
<msg timestamp="20240424 14:38:38.922" level="INFO" html="true">&lt;/td&gt;&lt;/tr&gt;&lt;tr&gt;&lt;td colspan="3"&gt;&lt;a href="selenium-screenshot-1364.png"&gt;&lt;img src="selenium-screenshot-1364.png" width="800px"&gt;&lt;/a&gt;</msg>
<msg timestamp="20240424 14:38:38.923" level="FAIL">Page should have contained element 'xpath=/html//div[@id='yield']/section[@class='ant-layout']/section/main[@class='ant-layout-content site-layout-background']/div//div[@role='tablist']/div[1]/a[@role='tab']' but did not.</msg>
<status status="FAIL" starttime="20240424 14:38:37.557" endtime="20240424 14:38:38.924"/>
</kw>
<msg timestamp="20240424 14:38:38.924" level="INFO">${Reload} = False</msg>
<status status="PASS" starttime="20240424 14:38:37.557" endtime="20240424 14:38:38.924"/>
</kw>
<status status="PASS" starttime="20240424 14:38:37.557" endtime="20240424 14:38:38.924"/>
</iter>
<iter>
<kw name="Run Keyword And Return Status" library="BuiltIn">
<var>${Reload}</var>
<arg>Page Should Contain Element</arg>
<arg>xpath=/html//div[@id='yield']/section[@class='ant-layout']/section/main[@class='ant-layout-content site-layout-background']/div//div[@role='tablist']/div[1]/a[@role='tab']</arg>
<doc>Runs the given keyword with given arguments and returns the status as a Boolean value.</doc>
<kw name="Page Should Contain Element" library="SeleniumLibrary">
<arg>xpath=/html//div[@id='yield']/section[@class='ant-layout']/section/main[@class='ant-layout-content site-layout-background']/div//div[@role='tablist']/div[1]/a[@role='tab']</arg>
<doc>Verifies that element ``locator`` is found on the current page.</doc>
<msg timestamp="20240424 14:38:40.517" level="INFO" html="true">&lt;/td&gt;&lt;/tr&gt;&lt;tr&gt;&lt;td colspan="3"&gt;&lt;a href="selenium-screenshot-1365.png"&gt;&lt;img src="selenium-screenshot-1365.png" width="800px"&gt;&lt;/a&gt;</msg>
<msg timestamp="20240424 14:38:40.517" level="FAIL">Page should have contained element 'xpath=/html//div[@id='yield']/section[@class='ant-layout']/section/main[@class='ant-layout-content site-layout-background']/div//div[@role='tablist']/div[1]/a[@role='tab']' but did not.</msg>
<status status="FAIL" starttime="20240424 14:38:38.929" endtime="20240424 14:38:40.517"/>
</kw>
<msg timestamp="20240424 14:38:40.517" level="INFO">${Reload} = False</msg>
<status status="PASS" starttime="20240424 14:38:38.928" endtime="20240424 14:38:40.517"/>
</kw>
<status status="PASS" starttime="20240424 14:38:38.924" endtime="20240424 14:38:40.522"/>
</iter>
<iter>
<kw name="Run Keyword And Return Status" library="BuiltIn">
<var>${Reload}</var>
<arg>Page Should Contain Element</arg>
<arg>xpath=/html//div[@id='yield']/section[@class='ant-layout']/section/main[@class='ant-layout-content site-layout-background']/div//div[@role='tablist']/div[1]/a[@role='tab']</arg>
<doc>Runs the given keyword with given arguments and returns the status as a Boolean value.</doc>
<kw name="Page Should Contain Element" library="SeleniumLibrary">
<arg>xpath=/html//div[@id='yield']/section[@class='ant-layout']/section/main[@class='ant-layout-content site-layout-background']/div//div[@role='tablist']/div[1]/a[@role='tab']</arg>
<doc>Verifies that element ``locator`` is found on the current page.</doc>
<msg timestamp="20240424 14:38:42.432" level="INFO" html="true">&lt;/td&gt;&lt;/tr&gt;&lt;tr&gt;&lt;td colspan="3"&gt;&lt;a href="selenium-screenshot-1366.png"&gt;&lt;img src="selenium-screenshot-1366.png" width="800px"&gt;&lt;/a&gt;</msg>
<msg timestamp="20240424 14:38:42.432" level="FAIL">Page should have contained element 'xpath=/html//div[@id='yield']/section[@class='ant-layout']/section/main[@class='ant-layout-content site-layout-background']/div//div[@role='tablist']/div[1]/a[@role='tab']' but did not.</msg>
<status status="FAIL" starttime="20240424 14:38:40.525" endtime="20240424 14:38:42.432"/>
</kw>
<msg timestamp="20240424 14:38:42.436" level="INFO">${Reload} = False</msg>
<status status="PASS" starttime="20240424 14:38:40.524" endtime="20240424 14:38:42.436"/>
</kw>
<status status="PASS" starttime="20240424 14:38:40.523" endtime="20240424 14:38:42.436"/>
</iter>
<iter>
<kw name="Run Keyword And Return Status" library="BuiltIn">
<var>${Reload}</var>
<arg>Page Should Contain Element</arg>
<arg>xpath=/html//div[@id='yield']/section[@class='ant-layout']/section/main[@class='ant-layout-content site-layout-background']/div//div[@role='tablist']/div[1]/a[@role='tab']</arg>
<doc>Runs the given keyword with given arguments and returns the status as a Boolean value.</doc>
<kw name="Page Should Contain Element" library="SeleniumLibrary">
<arg>xpath=/html//div[@id='yield']/section[@class='ant-layout']/section/main[@class='ant-layout-content site-layout-background']/div//div[@role='tablist']/div[1]/a[@role='tab']</arg>
<doc>Verifies that element ``locator`` is found on the current page.</doc>
<msg timestamp="20240424 14:38:42.719" level="INFO">Current page contains element 'xpath=/html//div[@id='yield']/section[@class='ant-layout']/section/main[@class='ant-layout-content site-layout-background']/div//div[@role='tablist']/div[1]/a[@role='tab']'.</msg>
<status status="PASS" starttime="20240424 14:38:42.440" endtime="20240424 14:38:42.719"/>
</kw>
<msg timestamp="20240424 14:38:42.719" level="INFO">${Reload} = True</msg>
<status status="PASS" starttime="20240424 14:38:42.440" endtime="20240424 14:38:42.719"/>
</kw>
<status status="PASS" starttime="20240424 14:38:42.436" endtime="20240424 14:38:42.719"/>
</iter>
<status status="PASS" starttime="20240424 14:38:28.897" endtime="20240424 14:38:42.719"/>
</while>
<kw name="Capture Page Screenshot" library="SeleniumLibrary">
<doc>Takes a screenshot of the current page and embeds it into a log file.</doc>
<msg timestamp="20240424 14:38:43.207" level="INFO" html="true">&lt;/td&gt;&lt;/tr&gt;&lt;tr&gt;&lt;td colspan="3"&gt;&lt;a href="selenium-screenshot-1367.png"&gt;&lt;img src="selenium-screenshot-1367.png" width="800px"&gt;&lt;/a&gt;</msg>
<status status="PASS" starttime="20240424 14:38:42.722" endtime="20240424 14:38:43.207"/>
</kw>
<status status="PASS" starttime="20240424 14:38:26.941" endtime="20240424 14:38:43.207"/>
</kw>
<kw name="Klik Menu Agent" library="steps">
<kw name="Click Element" library="SeleniumLibrary">
<arg>xpath=//div[@id='root']//div[@class='ant-layout-sider-children']/ul[@role='menu']/li[4]/div[@role='menuitem']/span[@class='uncollapsible']</arg>
<doc>Click the element identified by ``locator``.</doc>
<msg timestamp="20240424 14:38:43.335" level="INFO">Clicking element 'xpath=//div[@id='root']//div[@class='ant-layout-sider-children']/ul[@role='menu']/li[4]/div[@role='menuitem']/span[@class='uncollapsible']'.</msg>
<status status="PASS" starttime="20240424 14:38:43.317" endtime="20240424 14:38:44.017"/>
</kw>
<status status="PASS" starttime="20240424 14:38:43.311" endtime="20240424 14:38:44.017"/>
</kw>
<kw name="Klik Sub Menu Agent - Status" library="steps">
<kw name="Click Element" library="SeleniumLibrary">
<arg>xpath=//div[@id='root']//div[@class='ant-layout-sider-children']/ul[@role='menu']/li[4]/ul[@role='menu']/li[1]//a[@href='/setting/availability_agent']</arg>
<doc>Click the element identified by ``locator``.</doc>
<msg timestamp="20240424 14:38:44.022" level="INFO">Clicking element 'xpath=//div[@id='root']//div[@class='ant-layout-sider-children']/ul[@role='menu']/li[4]/ul[@role='menu']/li[1]//a[@href='/setting/availability_agent']'.</msg>
<status status="PASS" starttime="20240424 14:38:44.017" endtime="20240424 14:38:44.576"/>
</kw>
<status status="PASS" starttime="20240424 14:38:44.017" endtime="20240424 14:38:44.576"/>
</kw>
<status status="PASS" starttime="20240424 14:37:35.498" endtime="20240424 14:38:44.578"/>
</test>
<status status="PASS" starttime="20240424 14:37:34.236" endtime="20240424 14:38:44.582"/>
</suite>
<statistics>
<total>
<stat pass="1" fail="0" skip="0">All Tests</stat>
</total>
<tag>
</tag>
<suite>
<stat pass="1" fail="0" skip="0" id="s1" name="Menu Agent">Menu Agent</stat>
</suite>
</statistics>
<errors>
</errors>
</robot>
